<?xml version="1.0" encoding="UTF-8"?>
<testng-results ignored="0" total="4" passed="4" failed="0" skipped="0">
  <reporter-output>
  </reporter-output>
  <suite started-at="2023-12-07T22:09:11 BDT" name="Default suite" finished-at="2023-12-07T22:09:14 BDT" duration-ms="3261">
    <groups>
    </groups>
    <test started-at="2023-12-07T22:09:11 BDT" name="Default test" finished-at="2023-12-07T22:09:14 BDT" duration-ms="3261">
      <class name="RestApi1.Main">
        <test-method signature="createUser()[pri:1, instance:RestApi1.Main@12468a38]" started-at="2023-12-07T22:09:11 BDT" name="createUser" finished-at="2023-12-07T22:09:13 BDT" duration-ms="1926" status="PASS">
          <reporter-output>
          </reporter-output>
        </test-method> <!-- createUser -->
        <test-method signature="getUsers()[pri:1, instance:RestApi1.Main@12468a38]" started-at="2023-12-07T22:09:13 BDT" name="getUsers" finished-at="2023-12-07T22:09:13 BDT" duration-ms="136" status="PASS">
          <reporter-output>
          </reporter-output>
        </test-method> <!-- getUsers -->
        <test-method signature="deleteUser()[pri:3, instance:RestApi1.Main@12468a38]" started-at="2023-12-07T22:09:13 BDT" name="deleteUser" finished-at="2023-12-07T22:09:14 BDT" duration-ms="693" status="PASS">
          <reporter-output>
          </reporter-output>
        </test-method> <!-- deleteUser -->
        <test-method signature="updateUser()[pri:3, instance:RestApi1.Main@12468a38]" started-at="2023-12-07T22:09:14 BDT" name="updateUser" finished-at="2023-12-07T22:09:14 BDT" depends-on-methods="RestApi1.Main.createUser" duration-ms="474" status="PASS">
          <reporter-output>
          </reporter-output>
        </test-method> <!-- updateUser -->
      </class> <!-- RestApi1.Main -->
    </test> <!-- Default test -->
  </suite> <!-- Default suite -->
</testng-results>
